

Processing StorageController#index (for 127.0.0.1 at 2009-09-16 04:58:18) [GET]
StorageController::index
Rendering storage/index
Completed in 66ms (View: 59 | 200 OK [http://localhost/]


Processing StorageController#index (for 127.0.0.1 at 2009-09-16 05:00:07) [GET]
StorageController::index
Rendering storage/index
Completed in 61ms (View: 54 | 200 OK [http://localhost/]
/!\ FAILSAFE /!\  Fri Sep 18 02:21:07 UTC 2009
  Status: 500 Internal Server Error
  no such file to load -- sqlite3
    file:/Users/icblenke/Personal/Projects/blenkedav.appspot.com/WEB-INF/lib/appengine-jruby-rubygems-0.0.4.jar!/rubygems/custom_require.rb:31:in `require'
    file:/Users/icblenke/Personal/Projects/blenkedav.appspot.com/WEB-INF/lib/appengine-jruby-rubygems-0.0.4.jar!/rubygems/custom_require.rb:31:in `require'
    file:/Users/icblenke/Personal/Projects/blenkedav.appspot.com/WEB-INF/lib/gems.jar!/gems/activesupport-2.3.4/lib/active_support/dependencies.rb:156:in `require'
    file:/Users/icblenke/Personal/Projects/blenkedav.appspot.com/WEB-INF/lib/gems.jar!/gems/activesupport-2.3.4/lib/active_support/dependencies.rb:521:in `new_constants_in'
    file:/Users/icblenke/Personal/Projects/blenkedav.appspot.com/WEB-INF/lib/gems.jar!/gems/activesupport-2.3.4/lib/active_support/dependencies.rb:156:in `require'
    file:/Users/icblenke/Personal/Projects/blenkedav.appspot.com/WEB-INF/lib/gems.jar!/gems/activesupport-2.3.4/lib/active_support/core_ext/kernel/requires.rb:7:in `require_library_or_gem'
    file:/Users/icblenke/Personal/Projects/blenkedav.appspot.com/WEB-INF/lib/gems.jar!/gems/activesupport-2.3.4/lib/active_support/core_ext/kernel/reporting.rb:11:in `silence_warnings'
    file:/Users/icblenke/Personal/Projects/blenkedav.appspot.com/WEB-INF/lib/gems.jar!/gems/activesupport-2.3.4/lib/active_support/core_ext/kernel/requires.rb:5:in `require_library_or_gem'
    file:/Users/icblenke/Personal/Projects/blenkedav.appspot.com/WEB-INF/lib/gems.jar!/gems/activerecord-2.3.4/lib/active_record/connection_adapters/sqlite3_adapter.rb:10:in `sqlite3_connection'
    file:/Users/icblenke/Personal/Projects/blenkedav.appspot.com/WEB-INF/lib/gems.jar!/gems/activerecord-2.3.4/lib/active_record/connection_adapters/abstract/connection_pool.rb:223:in `new_connection'
    file:/Users/icblenke/Personal/Projects/blenkedav.appspot.com/WEB-INF/lib/gems.jar!/gems/activerecord-2.3.4/lib/active_record/connection_adapters/abstract/connection_pool.rb:245:in `checkout_new_connection'
    file:/Users/icblenke/Personal/Projects/blenkedav.appspot.com/WEB-INF/lib/gems.jar!/gems/activerecord-2.3.4/lib/active_record/connection_adapters/abstract/connection_pool.rb:188:in `checkout'
    file:/Users/icblenke/Personal/Projects/blenkedav.appspot.com/WEB-INF/lib/gems.jar!/gems/activerecord-2.3.4/lib/active_record/connection_adapters/abstract/connection_pool.rb:184:in `loop'
    file:/Users/icblenke/Personal/Projects/blenkedav.appspot.com/WEB-INF/lib/gems.jar!/gems/activerecord-2.3.4/lib/active_record/connection_adapters/abstract/connection_pool.rb:184:in `checkout'
    file:/Users/icblenke/Personal/Projects/blenkedav.appspot.com/WEB-INF/lib/appengine-jruby-0.0.4.jar!/monitor.rb:191:in `mon_synchronize'
    file:/Users/icblenke/Personal/Projects/blenkedav.appspot.com/WEB-INF/lib/gems.jar!/gems/activerecord-2.3.4/lib/active_record/connection_adapters/abstract/connection_pool.rb:183:in `checkout'
    file:/Users/icblenke/Personal/Projects/blenkedav.appspot.com/WEB-INF/lib/gems.jar!/gems/activerecord-2.3.4/lib/active_record/connection_adapters/abstract/connection_pool.rb:98:in `connection'
    file:/Users/icblenke/Personal/Projects/blenkedav.appspot.com/WEB-INF/lib/gems.jar!/gems/activerecord-2.3.4/lib/active_record/connection_adapters/abstract/connection_pool.rb:326:in `retrieve_connection'
    file:/Users/icblenke/Personal/Projects/blenkedav.appspot.com/WEB-INF/lib/gems.jar!/gems/activerecord-2.3.4/lib/active_record/connection_adapters/abstract/connection_specification.rb:123:in `retrieve_connection'
    file:/Users/icblenke/Personal/Projects/blenkedav.appspot.com/WEB-INF/lib/gems.jar!/gems/activerecord-2.3.4/lib/active_record/connection_adapters/abstract/connection_specification.rb:115:in `connection'
    file:/Users/icblenke/Personal/Projects/blenkedav.appspot.com/WEB-INF/lib/gems.jar!/gems/activerecord-2.3.4/lib/active_record/query_cache.rb:9:in `cache'
    file:/Users/icblenke/Personal/Projects/blenkedav.appspot.com/WEB-INF/lib/gems.jar!/gems/activerecord-2.3.4/lib/active_record/query_cache.rb:28:in `call'
    file:/Users/icblenke/Personal/Projects/blenkedav.appspot.com/WEB-INF/lib/gems.jar!/gems/activerecord-2.3.4/lib/active_record/connection_adapters/abstract/connection_pool.rb:361:in `call'
    file:/Users/icblenke/Personal/Projects/blenkedav.appspot.com/WEB-INF/lib/gems.jar!/gems/rack-1.0.0/lib/rack/head.rb:9:in `call'
    file:/Users/icblenke/Personal/Projects/blenkedav.appspot.com/WEB-INF/lib/gems.jar!/gems/rack-1.0.0/lib/rack/methodoverride.rb:24:in `call'
    file:/Users/icblenke/Personal/Projects/blenkedav.appspot.com/WEB-INF/lib/gems.jar!/gems/actionpack-2.3.4/lib/action_controller/params_parser.rb:15:in `call'
    file:/Users/icblenke/Personal/Projects/blenkedav.appspot.com/WEB-INF/lib/gems.jar!/gems/actionpack-2.3.4/lib/action_controller/session/cookie_store.rb:93:in `call'
    file:/Users/icblenke/Personal/Projects/blenkedav.appspot.com/WEB-INF/lib/gems.jar!/gems/actionpack-2.3.4/lib/action_controller/failsafe.rb:26:in `call'
    file:/Users/icblenke/Personal/Projects/blenkedav.appspot.com/WEB-INF/lib/gems.jar!/gems/rack-1.0.0/lib/rack/lock.rb:11:in `call'
    file:/Users/icblenke/Personal/Projects/blenkedav.appspot.com/WEB-INF/lib/gems.jar!/gems/actionpack-2.3.4/lib/action_controller/dispatcher.rb:114:in `call'
    file:/Users/icblenke/Personal/Projects/blenkedav.appspot.com/WEB-INF/lib/gems.jar!/gems/actionpack-2.3.4/lib/action_controller/reloader.rb:34:in `run'
    file:/Users/icblenke/Personal/Projects/blenkedav.appspot.com/WEB-INF/lib/gems.jar!/gems/actionpack-2.3.4/lib/action_controller/dispatcher.rb:108:in `call'
    file:/Users/icblenke/Personal/Projects/blenkedav.appspot.com/WEB-INF/lib/jruby-rack-0.9.5.jar!/rack/handler/servlet.rb:18:in `call'
    :1
/!\ FAILSAFE /!\  Fri Sep 18 02:30:34 UTC 2009
  Status: 500 Internal Server Error
  no such file to load -- sqlite3
    file:/Users/icblenke/Personal/Projects/blenkedav.appspot.com/WEB-INF/lib/appengine-jruby-rubygems-0.0.4.jar!/rubygems/custom_require.rb:31:in `require'
    file:/Users/icblenke/Personal/Projects/blenkedav.appspot.com/WEB-INF/lib/appengine-jruby-rubygems-0.0.4.jar!/rubygems/custom_require.rb:31:in `require'
    file:/Users/icblenke/Personal/Projects/blenkedav.appspot.com/WEB-INF/lib/gems.jar!/gems/activesupport-2.3.4/lib/active_support/dependencies.rb:156:in `require'
    file:/Users/icblenke/Personal/Projects/blenkedav.appspot.com/WEB-INF/lib/gems.jar!/gems/activesupport-2.3.4/lib/active_support/dependencies.rb:521:in `new_constants_in'
    file:/Users/icblenke/Personal/Projects/blenkedav.appspot.com/WEB-INF/lib/gems.jar!/gems/activesupport-2.3.4/lib/active_support/dependencies.rb:156:in `require'
    file:/Users/icblenke/Personal/Projects/blenkedav.appspot.com/WEB-INF/lib/gems.jar!/gems/activesupport-2.3.4/lib/active_support/core_ext/kernel/requires.rb:7:in `require_library_or_gem'
    file:/Users/icblenke/Personal/Projects/blenkedav.appspot.com/WEB-INF/lib/gems.jar!/gems/activesupport-2.3.4/lib/active_support/core_ext/kernel/reporting.rb:11:in `silence_warnings'
    file:/Users/icblenke/Personal/Projects/blenkedav.appspot.com/WEB-INF/lib/gems.jar!/gems/activesupport-2.3.4/lib/active_support/core_ext/kernel/requires.rb:5:in `require_library_or_gem'
    file:/Users/icblenke/Personal/Projects/blenkedav.appspot.com/WEB-INF/lib/gems.jar!/gems/activerecord-2.3.4/lib/active_record/connection_adapters/sqlite3_adapter.rb:10:in `sqlite3_connection'
    file:/Users/icblenke/Personal/Projects/blenkedav.appspot.com/WEB-INF/lib/gems.jar!/gems/activerecord-2.3.4/lib/active_record/connection_adapters/abstract/connection_pool.rb:223:in `new_connection'
    file:/Users/icblenke/Personal/Projects/blenkedav.appspot.com/WEB-INF/lib/gems.jar!/gems/activerecord-2.3.4/lib/active_record/connection_adapters/abstract/connection_pool.rb:245:in `checkout_new_connection'
    file:/Users/icblenke/Personal/Projects/blenkedav.appspot.com/WEB-INF/lib/gems.jar!/gems/activerecord-2.3.4/lib/active_record/connection_adapters/abstract/connection_pool.rb:188:in `checkout'
    file:/Users/icblenke/Personal/Projects/blenkedav.appspot.com/WEB-INF/lib/gems.jar!/gems/activerecord-2.3.4/lib/active_record/connection_adapters/abstract/connection_pool.rb:184:in `loop'
    file:/Users/icblenke/Personal/Projects/blenkedav.appspot.com/WEB-INF/lib/gems.jar!/gems/activerecord-2.3.4/lib/active_record/connection_adapters/abstract/connection_pool.rb:184:in `checkout'
    file:/Users/icblenke/Personal/Projects/blenkedav.appspot.com/WEB-INF/lib/appengine-jruby-0.0.4.jar!/monitor.rb:191:in `mon_synchronize'
    file:/Users/icblenke/Personal/Projects/blenkedav.appspot.com/WEB-INF/lib/gems.jar!/gems/activerecord-2.3.4/lib/active_record/connection_adapters/abstract/connection_pool.rb:183:in `checkout'
    file:/Users/icblenke/Personal/Projects/blenkedav.appspot.com/WEB-INF/lib/gems.jar!/gems/activerecord-2.3.4/lib/active_record/connection_adapters/abstract/connection_pool.rb:98:in `connection'
    file:/Users/icblenke/Personal/Projects/blenkedav.appspot.com/WEB-INF/lib/gems.jar!/gems/activerecord-2.3.4/lib/active_record/connection_adapters/abstract/connection_pool.rb:326:in `retrieve_connection'
    file:/Users/icblenke/Personal/Projects/blenkedav.appspot.com/WEB-INF/lib/gems.jar!/gems/activerecord-2.3.4/lib/active_record/connection_adapters/abstract/connection_specification.rb:123:in `retrieve_connection'
    file:/Users/icblenke/Personal/Projects/blenkedav.appspot.com/WEB-INF/lib/gems.jar!/gems/activerecord-2.3.4/lib/active_record/connection_adapters/abstract/connection_specification.rb:115:in `connection'
    file:/Users/icblenke/Personal/Projects/blenkedav.appspot.com/WEB-INF/lib/gems.jar!/gems/activerecord-2.3.4/lib/active_record/query_cache.rb:9:in `cache'
    file:/Users/icblenke/Personal/Projects/blenkedav.appspot.com/WEB-INF/lib/gems.jar!/gems/activerecord-2.3.4/lib/active_record/query_cache.rb:28:in `call'
    file:/Users/icblenke/Personal/Projects/blenkedav.appspot.com/WEB-INF/lib/gems.jar!/gems/activerecord-2.3.4/lib/active_record/connection_adapters/abstract/connection_pool.rb:361:in `call'
    file:/Users/icblenke/Personal/Projects/blenkedav.appspot.com/WEB-INF/lib/gems.jar!/gems/rack-1.0.0/lib/rack/head.rb:9:in `call'
    file:/Users/icblenke/Personal/Projects/blenkedav.appspot.com/WEB-INF/lib/gems.jar!/gems/rack-1.0.0/lib/rack/methodoverride.rb:24:in `call'
    file:/Users/icblenke/Personal/Projects/blenkedav.appspot.com/WEB-INF/lib/gems.jar!/gems/actionpack-2.3.4/lib/action_controller/params_parser.rb:15:in `call'
    file:/Users/icblenke/Personal/Projects/blenkedav.appspot.com/WEB-INF/lib/gems.jar!/gems/actionpack-2.3.4/lib/action_controller/session/cookie_store.rb:93:in `call'
    file:/Users/icblenke/Personal/Projects/blenkedav.appspot.com/WEB-INF/lib/gems.jar!/gems/actionpack-2.3.4/lib/action_controller/failsafe.rb:26:in `call'
    file:/Users/icblenke/Personal/Projects/blenkedav.appspot.com/WEB-INF/lib/gems.jar!/gems/rack-1.0.0/lib/rack/lock.rb:11:in `call'
    file:/Users/icblenke/Personal/Projects/blenkedav.appspot.com/WEB-INF/lib/gems.jar!/gems/actionpack-2.3.4/lib/action_controller/dispatcher.rb:114:in `call'
    file:/Users/icblenke/Personal/Projects/blenkedav.appspot.com/WEB-INF/lib/gems.jar!/gems/actionpack-2.3.4/lib/action_controller/reloader.rb:34:in `run'
    file:/Users/icblenke/Personal/Projects/blenkedav.appspot.com/WEB-INF/lib/gems.jar!/gems/actionpack-2.3.4/lib/action_controller/dispatcher.rb:108:in `call'
    file:/Users/icblenke/Personal/Projects/blenkedav.appspot.com/WEB-INF/lib/jruby-rack-0.9.5.jar!/rack/handler/servlet.rb:18:in `call'
    :1
